{
  "/Users/dinnekopelevich/turing/mod_4_projects/FE-FieldTripper/src/components/Header/Header.js": {
    "path": "/Users/dinnekopelevich/turing/mod_4_projects/FE-FieldTripper/src/components/Header/Header.js",
    "statementMap": {
      "0": {
        "start": {
          "line": 5,
          "column": 15
        },
        "end": {
          "line": 13,
          "column": 1
        }
      },
      "1": {
        "start": {
          "line": 6,
          "column": 4
        },
        "end": {
          "line": 12,
          "column": 5
        }
      }
    },
    "fnMap": {
      "0": {
        "name": "(anonymous_0)",
        "decl": {
          "start": {
            "line": 5,
            "column": 15
          },
          "end": {
            "line": 5,
            "column": 16
          }
        },
        "loc": {
          "start": {
            "line": 5,
            "column": 21
          },
          "end": {
            "line": 13,
            "column": 1
          }
        },
        "line": 5
      }
    },
    "branchMap": {},
    "s": {
      "0": 137,
      "1": 241
    },
    "f": {
      "0": 241
    },
    "b": {},
    "_coverageSchema": "1a1c01bbd47fc00a2c39e90264f33305004495a9",
    "hash": "ab38e91da1383607505778548300fa9961e21a8c"
  },
  "/Users/dinnekopelevich/turing/mod_4_projects/FE-FieldTripper/src/queries/queries.js": {
    "path": "/Users/dinnekopelevich/turing/mod_4_projects/FE-FieldTripper/src/queries/queries.js",
    "statementMap": {
      "0": {
        "start": {
          "line": 3,
          "column": 20
        },
        "end": {
          "line": 11,
          "column": 1
        }
      },
      "1": {
        "start": {
          "line": 13,
          "column": 19
        },
        "end": {
          "line": 21,
          "column": 1
        }
      },
      "2": {
        "start": {
          "line": 23,
          "column": 29
        },
        "end": {
          "line": 34,
          "column": 1
        }
      },
      "3": {
        "start": {
          "line": 36,
          "column": 20
        },
        "end": {
          "line": 49,
          "column": 1
        }
      },
      "4": {
        "start": {
          "line": 51,
          "column": 25
        },
        "end": {
          "line": 64,
          "column": 1
        }
      },
      "5": {
        "start": {
          "line": 66,
          "column": 22
        },
        "end": {
          "line": 78,
          "column": 1
        }
      },
      "6": {
        "start": {
          "line": 80,
          "column": 21
        },
        "end": {
          "line": 99,
          "column": 1
        }
      }
    },
    "fnMap": {},
    "branchMap": {},
    "s": {
      "0": 137,
      "1": 137,
      "2": 137,
      "3": 137,
      "4": 137,
      "5": 137,
      "6": 137
    },
    "f": {},
    "b": {},
    "_coverageSchema": "1a1c01bbd47fc00a2c39e90264f33305004495a9",
    "hash": "593517ba19eee333849fc55d30dcb7c6e35d8f59"
  },
  "/Users/dinnekopelevich/turing/mod_4_projects/FE-FieldTripper/src/utilities/utilities.js": {
    "path": "/Users/dinnekopelevich/turing/mod_4_projects/FE-FieldTripper/src/utilities/utilities.js",
    "statementMap": {
      "0": {
        "start": {
          "line": 3,
          "column": 24
        },
        "end": {
          "line": 21,
          "column": 1
        }
      },
      "1": {
        "start": {
          "line": 7,
          "column": 2
        },
        "end": {
          "line": 10,
          "column": 3
        }
      },
      "2": {
        "start": {
          "line": 8,
          "column": 4
        },
        "end": {
          "line": 8,
          "column": 60
        }
      },
      "3": {
        "start": {
          "line": 9,
          "column": 4
        },
        "end": {
          "line": 9,
          "column": 43
        }
      },
      "4": {
        "start": {
          "line": 12,
          "column": 2
        },
        "end": {
          "line": 20,
          "column": 3
        }
      },
      "5": {
        "start": {
          "line": 13,
          "column": 4
        },
        "end": {
          "line": 13,
          "column": 11
        }
      },
      "6": {
        "start": {
          "line": 14,
          "column": 9
        },
        "end": {
          "line": 20,
          "column": 3
        }
      },
      "7": {
        "start": {
          "line": 15,
          "column": 4
        },
        "end": {
          "line": 15,
          "column": 23
        }
      },
      "8": {
        "start": {
          "line": 17,
          "column": 4
        },
        "end": {
          "line": 17,
          "column": 17
        }
      },
      "9": {
        "start": {
          "line": 18,
          "column": 28
        },
        "end": {
          "line": 18,
          "column": 48
        }
      },
      "10": {
        "start": {
          "line": 19,
          "column": 4
        },
        "end": {
          "line": 19,
          "column": 61
        }
      },
      "11": {
        "start": {
          "line": 23,
          "column": 20
        },
        "end": {
          "line": 25,
          "column": 1
        }
      },
      "12": {
        "start": {
          "line": 24,
          "column": 2
        },
        "end": {
          "line": 24,
          "column": 52
        }
      }
    },
    "fnMap": {
      "0": {
        "name": "(anonymous_0)",
        "decl": {
          "start": {
            "line": 3,
            "column": 24
          },
          "end": {
            "line": 3,
            "column": 25
          }
        },
        "loc": {
          "start": {
            "line": 3,
            "column": 56
          },
          "end": {
            "line": 21,
            "column": 1
          }
        },
        "line": 3
      },
      "1": {
        "name": "(anonymous_1)",
        "decl": {
          "start": {
            "line": 23,
            "column": 20
          },
          "end": {
            "line": 23,
            "column": 21
          }
        },
        "loc": {
          "start": {
            "line": 23,
            "column": 54
          },
          "end": {
            "line": 25,
            "column": 1
          }
        },
        "line": 23
      }
    },
    "branchMap": {
      "0": {
        "loc": {
          "start": {
            "line": 7,
            "column": 2
          },
          "end": {
            "line": 10,
            "column": 3
          }
        },
        "type": "if",
        "locations": [
          {
            "start": {
              "line": 7,
              "column": 2
            },
            "end": {
              "line": 10,
              "column": 3
            }
          },
          {
            "start": {
              "line": 7,
              "column": 2
            },
            "end": {
              "line": 10,
              "column": 3
            }
          }
        ],
        "line": 7
      },
      "1": {
        "loc": {
          "start": {
            "line": 12,
            "column": 2
          },
          "end": {
            "line": 20,
            "column": 3
          }
        },
        "type": "if",
        "locations": [
          {
            "start": {
              "line": 12,
              "column": 2
            },
            "end": {
              "line": 20,
              "column": 3
            }
          },
          {
            "start": {
              "line": 12,
              "column": 2
            },
            "end": {
              "line": 20,
              "column": 3
            }
          }
        ],
        "line": 12
      },
      "2": {
        "loc": {
          "start": {
            "line": 12,
            "column": 6
          },
          "end": {
            "line": 12,
            "column": 26
          }
        },
        "type": "binary-expr",
        "locations": [
          {
            "start": {
              "line": 12,
              "column": 6
            },
            "end": {
              "line": 12,
              "column": 11
            }
          },
          {
            "start": {
              "line": 12,
              "column": 15
            },
            "end": {
              "line": 12,
              "column": 26
            }
          }
        ],
        "line": 12
      },
      "3": {
        "loc": {
          "start": {
            "line": 14,
            "column": 9
          },
          "end": {
            "line": 20,
            "column": 3
          }
        },
        "type": "if",
        "locations": [
          {
            "start": {
              "line": 14,
              "column": 9
            },
            "end": {
              "line": 20,
              "column": 3
            }
          },
          {
            "start": {
              "line": 14,
              "column": 9
            },
            "end": {
              "line": 20,
              "column": 3
            }
          }
        ],
        "line": 14
      },
      "4": {
        "loc": {
          "start": {
            "line": 14,
            "column": 13
          },
          "end": {
            "line": 14,
            "column": 32
          }
        },
        "type": "binary-expr",
        "locations": [
          {
            "start": {
              "line": 14,
              "column": 13
            },
            "end": {
              "line": 14,
              "column": 18
            }
          },
          {
            "start": {
              "line": 14,
              "column": 22
            },
            "end": {
              "line": 14,
              "column": 32
            }
          }
        ],
        "line": 14
      }
    },
    "s": {
      "0": 137,
      "1": 503,
      "2": 20,
      "3": 20,
      "4": 503,
      "5": 391,
      "6": 112,
      "7": 20,
      "8": 92,
      "9": 92,
      "10": 92,
      "11": 137,
      "12": 74
    },
    "f": {
      "0": 503,
      "1": 74
    },
    "b": {
      "0": [
        20,
        483
      ],
      "1": [
        391,
        112
      ],
      "2": [
        503,
        411
      ],
      "3": [
        20,
        92
      ],
      "4": [
        112,
        20
      ]
    },
    "_coverageSchema": "1a1c01bbd47fc00a2c39e90264f33305004495a9",
    "hash": "9f3f8bae163eff6cdd046439d626f6b591b5f887"
  },
  "/Users/dinnekopelevich/turing/mod_4_projects/FE-FieldTripper/src/components/Error/Error.js": {
    "path": "/Users/dinnekopelevich/turing/mod_4_projects/FE-FieldTripper/src/components/Error/Error.js",
    "statementMap": {
      "0": {
        "start": {
          "line": 6,
          "column": 2
        },
        "end": {
          "line": 13,
          "column": 3
        }
      },
      "1": {
        "start": {
          "line": 17,
          "column": 0
        },
        "end": {
          "line": 19,
          "column": 2
        }
      }
    },
    "fnMap": {
      "0": {
        "name": "Error",
        "decl": {
          "start": {
            "line": 5,
            "column": 9
          },
          "end": {
            "line": 5,
            "column": 14
          }
        },
        "loc": {
          "start": {
            "line": 5,
            "column": 33
          },
          "end": {
            "line": 14,
            "column": 1
          }
        },
        "line": 5
      }
    },
    "branchMap": {},
    "s": {
      "0": 20,
      "1": 137
    },
    "f": {
      "0": 20
    },
    "b": {},
    "_coverageSchema": "1a1c01bbd47fc00a2c39e90264f33305004495a9",
    "hash": "d05546a57cd058d7c898902222eb786af22453ab"
  },
  "/Users/dinnekopelevich/turing/mod_4_projects/FE-FieldTripper/src/components/QueryResult/QueryResult.js": {
    "path": "/Users/dinnekopelevich/turing/mod_4_projects/FE-FieldTripper/src/components/QueryResult/QueryResult.js",
    "statementMap": {
      "0": {
        "start": {
          "line": 3,
          "column": 20
        },
        "end": {
          "line": 7,
          "column": 1
        }
      },
      "1": {
        "start": {
          "line": 4,
          "column": 2
        },
        "end": {
          "line": 4,
          "column": 27
        }
      },
      "2": {
        "start": {
          "line": 4,
          "column": 12
        },
        "end": {
          "line": 4,
          "column": 27
        }
      },
      "3": {
        "start": {
          "line": 5,
          "column": 2
        },
        "end": {
          "line": 5,
          "column": 39
        }
      },
      "4": {
        "start": {
          "line": 5,
          "column": 15
        },
        "end": {
          "line": 5,
          "column": 39
        }
      },
      "5": {
        "start": {
          "line": 6,
          "column": 2
        },
        "end": {
          "line": 6,
          "column": 98
        }
      },
      "6": {
        "start": {
          "line": 6,
          "column": 13
        },
        "end": {
          "line": 6,
          "column": 98
        }
      }
    },
    "fnMap": {
      "0": {
        "name": "(anonymous_0)",
        "decl": {
          "start": {
            "line": 3,
            "column": 20
          },
          "end": {
            "line": 3,
            "column": 21
          }
        },
        "loc": {
          "start": {
            "line": 3,
            "column": 60
          },
          "end": {
            "line": 7,
            "column": 1
          }
        },
        "line": 3
      }
    },
    "branchMap": {
      "0": {
        "loc": {
          "start": {
            "line": 4,
            "column": 2
          },
          "end": {
            "line": 4,
            "column": 27
          }
        },
        "type": "if",
        "locations": [
          {
            "start": {
              "line": 4,
              "column": 2
            },
            "end": {
              "line": 4,
              "column": 27
            }
          },
          {
            "start": {
              "line": 4,
              "column": 2
            },
            "end": {
              "line": 4,
              "column": 27
            }
          }
        ],
        "line": 4
      },
      "1": {
        "loc": {
          "start": {
            "line": 5,
            "column": 2
          },
          "end": {
            "line": 5,
            "column": 39
          }
        },
        "type": "if",
        "locations": [
          {
            "start": {
              "line": 5,
              "column": 2
            },
            "end": {
              "line": 5,
              "column": 39
            }
          },
          {
            "start": {
              "line": 5,
              "column": 2
            },
            "end": {
              "line": 5,
              "column": 39
            }
          }
        ],
        "line": 5
      },
      "2": {
        "loc": {
          "start": {
            "line": 6,
            "column": 2
          },
          "end": {
            "line": 6,
            "column": 98
          }
        },
        "type": "if",
        "locations": [
          {
            "start": {
              "line": 6,
              "column": 2
            },
            "end": {
              "line": 6,
              "column": 98
            }
          },
          {
            "start": {
              "line": 6,
              "column": 2
            },
            "end": {
              "line": 6,
              "column": 98
            }
          }
        ],
        "line": 6
      }
    },
    "s": {
      "0": 137,
      "1": 292,
      "2": 138,
      "3": 154,
      "4": 138,
      "5": 16,
      "6": 16
    },
    "f": {
      "0": 292
    },
    "b": {
      "0": [
        138,
        154
      ],
      "1": [
        138,
        16
      ],
      "2": [
        16,
        0
      ]
    },
    "_coverageSchema": "1a1c01bbd47fc00a2c39e90264f33305004495a9",
    "hash": "fe1675282b7220da0034e43b94b7b07522def6a6"
  },
  "/Users/dinnekopelevich/turing/mod_4_projects/FE-FieldTripper/src/components/BaseForm/BaseForm.js": {
    "path": "/Users/dinnekopelevich/turing/mod_4_projects/FE-FieldTripper/src/components/BaseForm/BaseForm.js",
    "statementMap": {
      "0": {
        "start": {
          "line": 9,
          "column": 35
        },
        "end": {
          "line": 9,
          "column": 56
        }
      },
      "1": {
        "start": {
          "line": 11,
          "column": 2
        },
        "end": {
          "line": 38,
          "column": 4
        }
      },
      "2": {
        "start": {
          "line": 23,
          "column": 16
        },
        "end": {
          "line": 23,
          "column": 67
        }
      },
      "3": {
        "start": {
          "line": 42,
          "column": 0
        },
        "end": {
          "line": 44,
          "column": 2
        }
      }
    },
    "fnMap": {
      "0": {
        "name": "BaseForm",
        "decl": {
          "start": {
            "line": 8,
            "column": 9
          },
          "end": {
            "line": 8,
            "column": 17
          }
        },
        "loc": {
          "start": {
            "line": 8,
            "column": 31
          },
          "end": {
            "line": 39,
            "column": 1
          }
        },
        "line": 8
      },
      "1": {
        "name": "(anonymous_1)",
        "decl": {
          "start": {
            "line": 22,
            "column": 23
          },
          "end": {
            "line": 22,
            "column": 24
          }
        },
        "loc": {
          "start": {
            "line": 23,
            "column": 16
          },
          "end": {
            "line": 23,
            "column": 67
          }
        },
        "line": 23
      }
    },
    "branchMap": {},
    "s": {
      "0": 77,
      "1": 77,
      "2": 2,
      "3": 137
    },
    "f": {
      "0": 77,
      "1": 2
    },
    "b": {},
    "_coverageSchema": "1a1c01bbd47fc00a2c39e90264f33305004495a9",
    "hash": "df3841a313c04c2369bb14e9c1b80bc246493206"
  },
  "/Users/dinnekopelevich/turing/mod_4_projects/FE-FieldTripper/src/components/LoginForm/LoginForm.js": {
    "path": "/Users/dinnekopelevich/turing/mod_4_projects/FE-FieldTripper/src/components/LoginForm/LoginForm.js",
    "statementMap": {
      "0": {
        "start": {
          "line": 10,
          "column": 40
        },
        "end": {
          "line": 13,
          "column": 4
        }
      },
      "1": {
        "start": {
          "line": 15,
          "column": 4
        },
        "end": {
          "line": 15,
          "column": 38
        }
      },
      "2": {
        "start": {
          "line": 16,
          "column": 32
        },
        "end": {
          "line": 16,
          "column": 44
        }
      },
      "3": {
        "start": {
          "line": 17,
          "column": 19
        },
        "end": {
          "line": 17,
          "column": 32
        }
      },
      "4": {
        "start": {
          "line": 19,
          "column": 2
        },
        "end": {
          "line": 26,
          "column": 13
        }
      },
      "5": {
        "start": {
          "line": 20,
          "column": 4
        },
        "end": {
          "line": 25,
          "column": 5
        }
      },
      "6": {
        "start": {
          "line": 21,
          "column": 6
        },
        "end": {
          "line": 21,
          "column": 68
        }
      },
      "7": {
        "start": {
          "line": 22,
          "column": 6
        },
        "end": {
          "line": 22,
          "column": 29
        }
      },
      "8": {
        "start": {
          "line": 23,
          "column": 11
        },
        "end": {
          "line": 25,
          "column": 5
        }
      },
      "9": {
        "start": {
          "line": 24,
          "column": 6
        },
        "end": {
          "line": 24,
          "column": 102
        }
      },
      "10": {
        "start": {
          "line": 28,
          "column": 23
        },
        "end": {
          "line": 31,
          "column": 3
        }
      },
      "11": {
        "start": {
          "line": 29,
          "column": 23
        },
        "end": {
          "line": 29,
          "column": 35
        }
      },
      "12": {
        "start": {
          "line": 30,
          "column": 4
        },
        "end": {
          "line": 30,
          "column": 76
        }
      },
      "13": {
        "start": {
          "line": 33,
          "column": 23
        },
        "end": {
          "line": 45,
          "column": 3
        }
      },
      "14": {
        "start": {
          "line": 34,
          "column": 4
        },
        "end": {
          "line": 34,
          "column": 27
        }
      },
      "15": {
        "start": {
          "line": 36,
          "column": 25
        },
        "end": {
          "line": 36,
          "column": 97
        }
      },
      "16": {
        "start": {
          "line": 36,
          "column": 68
        },
        "end": {
          "line": 36,
          "column": 96
        }
      },
      "17": {
        "start": {
          "line": 38,
          "column": 4
        },
        "end": {
          "line": 43,
          "column": 5
        }
      },
      "18": {
        "start": {
          "line": 39,
          "column": 6
        },
        "end": {
          "line": 39,
          "column": 46
        }
      },
      "19": {
        "start": {
          "line": 41,
          "column": 6
        },
        "end": {
          "line": 41,
          "column": 44
        }
      },
      "20": {
        "start": {
          "line": 42,
          "column": 6
        },
        "end": {
          "line": 42,
          "column": 21
        }
      },
      "21": {
        "start": {
          "line": 47,
          "column": 2
        },
        "end": {
          "line": 71,
          "column": 4
        }
      },
      "22": {
        "start": {
          "line": 51,
          "column": 33
        },
        "end": {
          "line": 51,
          "column": 52
        }
      },
      "23": {
        "start": {
          "line": 57,
          "column": 31
        },
        "end": {
          "line": 57,
          "column": 50
        }
      },
      "24": {
        "start": {
          "line": 64,
          "column": 31
        },
        "end": {
          "line": 64,
          "column": 50
        }
      },
      "25": {
        "start": {
          "line": 75,
          "column": 0
        },
        "end": {
          "line": 77,
          "column": 2
        }
      }
    },
    "fnMap": {
      "0": {
        "name": "LoginForm",
        "decl": {
          "start": {
            "line": 9,
            "column": 9
          },
          "end": {
            "line": 9,
            "column": 18
          }
        },
        "loc": {
          "start": {
            "line": 9,
            "column": 32
          },
          "end": {
            "line": 72,
            "column": 1
          }
        },
        "line": 9
      },
      "1": {
        "name": "(anonymous_1)",
        "decl": {
          "start": {
            "line": 19,
            "column": 12
          },
          "end": {
            "line": 19,
            "column": 13
          }
        },
        "loc": {
          "start": {
            "line": 19,
            "column": 18
          },
          "end": {
            "line": 26,
            "column": 3
          }
        },
        "line": 19
      },
      "2": {
        "name": "(anonymous_2)",
        "decl": {
          "start": {
            "line": 28,
            "column": 23
          },
          "end": {
            "line": 28,
            "column": 24
          }
        },
        "loc": {
          "start": {
            "line": 28,
            "column": 34
          },
          "end": {
            "line": 31,
            "column": 3
          }
        },
        "line": 28
      },
      "3": {
        "name": "(anonymous_3)",
        "decl": {
          "start": {
            "line": 33,
            "column": 23
          },
          "end": {
            "line": 33,
            "column": 24
          }
        },
        "loc": {
          "start": {
            "line": 33,
            "column": 34
          },
          "end": {
            "line": 45,
            "column": 3
          }
        },
        "line": 33
      },
      "4": {
        "name": "(anonymous_4)",
        "decl": {
          "start": {
            "line": 36,
            "column": 56
          },
          "end": {
            "line": 36,
            "column": 57
          }
        },
        "loc": {
          "start": {
            "line": 36,
            "column": 68
          },
          "end": {
            "line": 36,
            "column": 96
          }
        },
        "line": 36
      },
      "5": {
        "name": "(anonymous_5)",
        "decl": {
          "start": {
            "line": 51,
            "column": 22
          },
          "end": {
            "line": 51,
            "column": 23
          }
        },
        "loc": {
          "start": {
            "line": 51,
            "column": 33
          },
          "end": {
            "line": 51,
            "column": 52
          }
        },
        "line": 51
      },
      "6": {
        "name": "(anonymous_6)",
        "decl": {
          "start": {
            "line": 57,
            "column": 20
          },
          "end": {
            "line": 57,
            "column": 21
          }
        },
        "loc": {
          "start": {
            "line": 57,
            "column": 31
          },
          "end": {
            "line": 57,
            "column": 50
          }
        },
        "line": 57
      },
      "7": {
        "name": "(anonymous_7)",
        "decl": {
          "start": {
            "line": 64,
            "column": 20
          },
          "end": {
            "line": 64,
            "column": 21
          }
        },
        "loc": {
          "start": {
            "line": 64,
            "column": 31
          },
          "end": {
            "line": 64,
            "column": 50
          }
        },
        "line": 64
      }
    },
    "branchMap": {
      "0": {
        "loc": {
          "start": {
            "line": 20,
            "column": 4
          },
          "end": {
            "line": 25,
            "column": 5
          }
        },
        "type": "if",
        "locations": [
          {
            "start": {
              "line": 20,
              "column": 4
            },
            "end": {
              "line": 25,
              "column": 5
            }
          },
          {
            "start": {
              "line": 20,
              "column": 4
            },
            "end": {
              "line": 25,
              "column": 5
            }
          }
        ],
        "line": 20
      },
      "1": {
        "loc": {
          "start": {
            "line": 20,
            "column": 8
          },
          "end": {
            "line": 20,
            "column": 39
          }
        },
        "type": "binary-expr",
        "locations": [
          {
            "start": {
              "line": 20,
              "column": 8
            },
            "end": {
              "line": 20,
              "column": 12
            }
          },
          {
            "start": {
              "line": 20,
              "column": 16
            },
            "end": {
              "line": 20,
              "column": 39
            }
          }
        ],
        "line": 20
      },
      "2": {
        "loc": {
          "start": {
            "line": 23,
            "column": 11
          },
          "end": {
            "line": 25,
            "column": 5
          }
        },
        "type": "if",
        "locations": [
          {
            "start": {
              "line": 23,
              "column": 11
            },
            "end": {
              "line": 25,
              "column": 5
            }
          },
          {
            "start": {
              "line": 23,
              "column": 11
            },
            "end": {
              "line": 25,
              "column": 5
            }
          }
        ],
        "line": 23
      },
      "3": {
        "loc": {
          "start": {
            "line": 38,
            "column": 4
          },
          "end": {
            "line": 43,
            "column": 5
          }
        },
        "type": "if",
        "locations": [
          {
            "start": {
              "line": 38,
              "column": 4
            },
            "end": {
              "line": 43,
              "column": 5
            }
          },
          {
            "start": {
              "line": 38,
              "column": 4
            },
            "end": {
              "line": 43,
              "column": 5
            }
          }
        ],
        "line": 38
      }
    },
    "s": {
      "0": 250,
      "1": 250,
      "2": 250,
      "3": 250,
      "4": 250,
      "5": 24,
      "6": 6,
      "7": 6,
      "8": 18,
      "9": 2,
      "10": 250,
      "11": 214,
      "12": 214,
      "13": 250,
      "14": 10,
      "15": 10,
      "16": 20,
      "17": 10,
      "18": 2,
      "19": 8,
      "20": 8,
      "21": 250,
      "22": 10,
      "23": 184,
      "24": 30,
      "25": 137
    },
    "f": {
      "0": 250,
      "1": 24,
      "2": 214,
      "3": 10,
      "4": 20,
      "5": 10,
      "6": 184,
      "7": 30
    },
    "b": {
      "0": [
        6,
        18
      ],
      "1": [
        24,
        8
      ],
      "2": [
        2,
        16
      ],
      "3": [
        2,
        8
      ]
    },
    "_coverageSchema": "1a1c01bbd47fc00a2c39e90264f33305004495a9",
    "hash": "8022b97c1808828076ad3ea15c20363c573fdc1d"
  },
  "/Users/dinnekopelevich/turing/mod_4_projects/FE-FieldTripper/src/queries/mutations.js": {
    "path": "/Users/dinnekopelevich/turing/mod_4_projects/FE-FieldTripper/src/queries/mutations.js",
    "statementMap": {
      "0": {
        "start": {
          "line": 3,
          "column": 29
        },
        "end": {
          "line": 26,
          "column": 1
        }
      },
      "1": {
        "start": {
          "line": 28,
          "column": 34
        },
        "end": {
          "line": 43,
          "column": 1
        }
      },
      "2": {
        "start": {
          "line": 45,
          "column": 34
        },
        "end": {
          "line": 57,
          "column": 1
        }
      },
      "3": {
        "start": {
          "line": 59,
          "column": 29
        },
        "end": {
          "line": 90,
          "column": 1
        }
      },
      "4": {
        "start": {
          "line": 92,
          "column": 29
        },
        "end": {
          "line": 99,
          "column": 1
        }
      }
    },
    "fnMap": {},
    "branchMap": {},
    "s": {
      "0": 137,
      "1": 137,
      "2": 137,
      "3": 137,
      "4": 137
    },
    "f": {},
    "b": {},
    "_coverageSchema": "1a1c01bbd47fc00a2c39e90264f33305004495a9",
    "hash": "c7a28e46263273e460eed7668170c1009a0822e9"
  },
  "/Users/dinnekopelevich/turing/mod_4_projects/FE-FieldTripper/src/components/SignUpForm/SignUpForm.js": {
    "path": "/Users/dinnekopelevich/turing/mod_4_projects/FE-FieldTripper/src/components/SignUpForm/SignUpForm.js",
    "statementMap": {
      "0": {
        "start": {
          "line": 10,
          "column": 42
        },
        "end": {
          "line": 15,
          "column": 4
        }
      },
      "1": {
        "start": {
          "line": 17,
          "column": 4
        },
        "end": {
          "line": 17,
          "column": 37
        }
      },
      "2": {
        "start": {
          "line": 18,
          "column": 32
        },
        "end": {
          "line": 18,
          "column": 44
        }
      },
      "3": {
        "start": {
          "line": 19,
          "column": 19
        },
        "end": {
          "line": 19,
          "column": 32
        }
      },
      "4": {
        "start": {
          "line": 21,
          "column": 2
        },
        "end": {
          "line": 28,
          "column": 13
        }
      },
      "5": {
        "start": {
          "line": 22,
          "column": 4
        },
        "end": {
          "line": 27,
          "column": 5
        }
      },
      "6": {
        "start": {
          "line": 23,
          "column": 6
        },
        "end": {
          "line": 23,
          "column": 65
        }
      },
      "7": {
        "start": {
          "line": 24,
          "column": 6
        },
        "end": {
          "line": 24,
          "column": 29
        }
      },
      "8": {
        "start": {
          "line": 25,
          "column": 11
        },
        "end": {
          "line": 27,
          "column": 5
        }
      },
      "9": {
        "start": {
          "line": 26,
          "column": 6
        },
        "end": {
          "line": 26,
          "column": 126
        }
      },
      "10": {
        "start": {
          "line": 30,
          "column": 23
        },
        "end": {
          "line": 33,
          "column": 3
        }
      },
      "11": {
        "start": {
          "line": 31,
          "column": 23
        },
        "end": {
          "line": 31,
          "column": 35
        }
      },
      "12": {
        "start": {
          "line": 32,
          "column": 4
        },
        "end": {
          "line": 32,
          "column": 78
        }
      },
      "13": {
        "start": {
          "line": 35,
          "column": 23
        },
        "end": {
          "line": 46,
          "column": 3
        }
      },
      "14": {
        "start": {
          "line": 36,
          "column": 4
        },
        "end": {
          "line": 36,
          "column": 27
        }
      },
      "15": {
        "start": {
          "line": 38,
          "column": 26
        },
        "end": {
          "line": 38,
          "column": 100
        }
      },
      "16": {
        "start": {
          "line": 38,
          "column": 70
        },
        "end": {
          "line": 38,
          "column": 99
        }
      },
      "17": {
        "start": {
          "line": 40,
          "column": 4
        },
        "end": {
          "line": 45,
          "column": 5
        }
      },
      "18": {
        "start": {
          "line": 41,
          "column": 6
        },
        "end": {
          "line": 41,
          "column": 46
        }
      },
      "19": {
        "start": {
          "line": 43,
          "column": 6
        },
        "end": {
          "line": 43,
          "column": 46
        }
      },
      "20": {
        "start": {
          "line": 44,
          "column": 6
        },
        "end": {
          "line": 44,
          "column": 21
        }
      },
      "21": {
        "start": {
          "line": 48,
          "column": 2
        },
        "end": {
          "line": 86,
          "column": 4
        }
      },
      "22": {
        "start": {
          "line": 52,
          "column": 33
        },
        "end": {
          "line": 52,
          "column": 52
        }
      },
      "23": {
        "start": {
          "line": 58,
          "column": 31
        },
        "end": {
          "line": 58,
          "column": 50
        }
      },
      "24": {
        "start": {
          "line": 65,
          "column": 31
        },
        "end": {
          "line": 65,
          "column": 50
        }
      },
      "25": {
        "start": {
          "line": 72,
          "column": 31
        },
        "end": {
          "line": 72,
          "column": 50
        }
      },
      "26": {
        "start": {
          "line": 79,
          "column": 31
        },
        "end": {
          "line": 79,
          "column": 50
        }
      },
      "27": {
        "start": {
          "line": 90,
          "column": 0
        },
        "end": {
          "line": 92,
          "column": 2
        }
      }
    },
    "fnMap": {
      "0": {
        "name": "SignUpForm",
        "decl": {
          "start": {
            "line": 9,
            "column": 9
          },
          "end": {
            "line": 9,
            "column": 19
          }
        },
        "loc": {
          "start": {
            "line": 9,
            "column": 33
          },
          "end": {
            "line": 87,
            "column": 1
          }
        },
        "line": 9
      },
      "1": {
        "name": "(anonymous_1)",
        "decl": {
          "start": {
            "line": 21,
            "column": 12
          },
          "end": {
            "line": 21,
            "column": 13
          }
        },
        "loc": {
          "start": {
            "line": 21,
            "column": 18
          },
          "end": {
            "line": 28,
            "column": 3
          }
        },
        "line": 21
      },
      "2": {
        "name": "(anonymous_2)",
        "decl": {
          "start": {
            "line": 30,
            "column": 23
          },
          "end": {
            "line": 30,
            "column": 24
          }
        },
        "loc": {
          "start": {
            "line": 30,
            "column": 34
          },
          "end": {
            "line": 33,
            "column": 3
          }
        },
        "line": 30
      },
      "3": {
        "name": "(anonymous_3)",
        "decl": {
          "start": {
            "line": 35,
            "column": 23
          },
          "end": {
            "line": 35,
            "column": 24
          }
        },
        "loc": {
          "start": {
            "line": 35,
            "column": 34
          },
          "end": {
            "line": 46,
            "column": 3
          }
        },
        "line": 35
      },
      "4": {
        "name": "(anonymous_4)",
        "decl": {
          "start": {
            "line": 38,
            "column": 58
          },
          "end": {
            "line": 38,
            "column": 59
          }
        },
        "loc": {
          "start": {
            "line": 38,
            "column": 70
          },
          "end": {
            "line": 38,
            "column": 99
          }
        },
        "line": 38
      },
      "5": {
        "name": "(anonymous_5)",
        "decl": {
          "start": {
            "line": 52,
            "column": 22
          },
          "end": {
            "line": 52,
            "column": 23
          }
        },
        "loc": {
          "start": {
            "line": 52,
            "column": 33
          },
          "end": {
            "line": 52,
            "column": 52
          }
        },
        "line": 52
      },
      "6": {
        "name": "(anonymous_6)",
        "decl": {
          "start": {
            "line": 58,
            "column": 20
          },
          "end": {
            "line": 58,
            "column": 21
          }
        },
        "loc": {
          "start": {
            "line": 58,
            "column": 31
          },
          "end": {
            "line": 58,
            "column": 50
          }
        },
        "line": 58
      },
      "7": {
        "name": "(anonymous_7)",
        "decl": {
          "start": {
            "line": 65,
            "column": 20
          },
          "end": {
            "line": 65,
            "column": 21
          }
        },
        "loc": {
          "start": {
            "line": 65,
            "column": 31
          },
          "end": {
            "line": 65,
            "column": 50
          }
        },
        "line": 65
      },
      "8": {
        "name": "(anonymous_8)",
        "decl": {
          "start": {
            "line": 72,
            "column": 20
          },
          "end": {
            "line": 72,
            "column": 21
          }
        },
        "loc": {
          "start": {
            "line": 72,
            "column": 31
          },
          "end": {
            "line": 72,
            "column": 50
          }
        },
        "line": 72
      },
      "9": {
        "name": "(anonymous_9)",
        "decl": {
          "start": {
            "line": 79,
            "column": 20
          },
          "end": {
            "line": 79,
            "column": 21
          }
        },
        "loc": {
          "start": {
            "line": 79,
            "column": 31
          },
          "end": {
            "line": 79,
            "column": 50
          }
        },
        "line": 79
      }
    },
    "branchMap": {
      "0": {
        "loc": {
          "start": {
            "line": 22,
            "column": 4
          },
          "end": {
            "line": 27,
            "column": 5
          }
        },
        "type": "if",
        "locations": [
          {
            "start": {
              "line": 22,
              "column": 4
            },
            "end": {
              "line": 27,
              "column": 5
            }
          },
          {
            "start": {
              "line": 22,
              "column": 4
            },
            "end": {
              "line": 27,
              "column": 5
            }
          }
        ],
        "line": 22
      },
      "1": {
        "loc": {
          "start": {
            "line": 22,
            "column": 8
          },
          "end": {
            "line": 22,
            "column": 36
          }
        },
        "type": "binary-expr",
        "locations": [
          {
            "start": {
              "line": 22,
              "column": 8
            },
            "end": {
              "line": 22,
              "column": 12
            }
          },
          {
            "start": {
              "line": 22,
              "column": 16
            },
            "end": {
              "line": 22,
              "column": 36
            }
          }
        ],
        "line": 22
      },
      "2": {
        "loc": {
          "start": {
            "line": 25,
            "column": 11
          },
          "end": {
            "line": 27,
            "column": 5
          }
        },
        "type": "if",
        "locations": [
          {
            "start": {
              "line": 25,
              "column": 11
            },
            "end": {
              "line": 27,
              "column": 5
            }
          },
          {
            "start": {
              "line": 25,
              "column": 11
            },
            "end": {
              "line": 27,
              "column": 5
            }
          }
        ],
        "line": 25
      },
      "3": {
        "loc": {
          "start": {
            "line": 40,
            "column": 4
          },
          "end": {
            "line": 45,
            "column": 5
          }
        },
        "type": "if",
        "locations": [
          {
            "start": {
              "line": 40,
              "column": 4
            },
            "end": {
              "line": 45,
              "column": 5
            }
          },
          {
            "start": {
              "line": 40,
              "column": 4
            },
            "end": {
              "line": 45,
              "column": 5
            }
          }
        ],
        "line": 40
      }
    },
    "s": {
      "0": 135,
      "1": 135,
      "2": 135,
      "3": 135,
      "4": 135,
      "5": 13,
      "6": 0,
      "7": 0,
      "8": 13,
      "9": 2,
      "10": 135,
      "11": 116,
      "12": 116,
      "13": 135,
      "14": 4,
      "15": 4,
      "16": 12,
      "17": 4,
      "18": 2,
      "19": 2,
      "20": 2,
      "21": 135,
      "22": 4,
      "23": 21,
      "24": 65,
      "25": 15,
      "26": 15,
      "27": 137
    },
    "f": {
      "0": 135,
      "1": 13,
      "2": 116,
      "3": 4,
      "4": 12,
      "5": 4,
      "6": 21,
      "7": 65,
      "8": 15,
      "9": 15
    },
    "b": {
      "0": [
        0,
        13
      ],
      "1": [
        13,
        2
      ],
      "2": [
        2,
        11
      ],
      "3": [
        2,
        2
      ]
    },
    "_coverageSchema": "1a1c01bbd47fc00a2c39e90264f33305004495a9",
    "hash": "2be10b6cd65131e12e3706289c74a7f4e2c4c74d"
  },
  "/Users/dinnekopelevich/turing/mod_4_projects/FE-FieldTripper/src/components/SearchForm/SearchForm.js": {
    "path": "/Users/dinnekopelevich/turing/mod_4_projects/FE-FieldTripper/src/components/SearchForm/SearchForm.js",
    "statementMap": {
      "0": {
        "start": {
          "line": 7,
          "column": 30
        },
        "end": {
          "line": 7,
          "column": 76
        }
      },
      "1": {
        "start": {
          "line": 8,
          "column": 32
        },
        "end": {
          "line": 8,
          "column": 44
        }
      },
      "2": {
        "start": {
          "line": 10,
          "column": 19
        },
        "end": {
          "line": 10,
          "column": 32
        }
      },
      "3": {
        "start": {
          "line": 12,
          "column": 23
        },
        "end": {
          "line": 15,
          "column": 3
        }
      },
      "4": {
        "start": {
          "line": 13,
          "column": 23
        },
        "end": {
          "line": 13,
          "column": 35
        }
      },
      "5": {
        "start": {
          "line": 14,
          "column": 4
        },
        "end": {
          "line": 14,
          "column": 66
        }
      },
      "6": {
        "start": {
          "line": 17,
          "column": 25
        },
        "end": {
          "line": 27,
          "column": 3
        }
      },
      "7": {
        "start": {
          "line": 18,
          "column": 4
        },
        "end": {
          "line": 18,
          "column": 27
        }
      },
      "8": {
        "start": {
          "line": 20,
          "column": 4
        },
        "end": {
          "line": 26,
          "column": 5
        }
      },
      "9": {
        "start": {
          "line": 21,
          "column": 6
        },
        "end": {
          "line": 21,
          "column": 27
        }
      },
      "10": {
        "start": {
          "line": 22,
          "column": 6
        },
        "end": {
          "line": 22,
          "column": 21
        }
      },
      "11": {
        "start": {
          "line": 23,
          "column": 6
        },
        "end": {
          "line": 23,
          "column": 27
        }
      },
      "12": {
        "start": {
          "line": 25,
          "column": 6
        },
        "end": {
          "line": 25,
          "column": 67
        }
      },
      "13": {
        "start": {
          "line": 29,
          "column": 2
        },
        "end": {
          "line": 66,
          "column": 4
        }
      },
      "14": {
        "start": {
          "line": 34,
          "column": 35
        },
        "end": {
          "line": 34,
          "column": 56
        }
      },
      "15": {
        "start": {
          "line": 39,
          "column": 33
        },
        "end": {
          "line": 39,
          "column": 52
        }
      },
      "16": {
        "start": {
          "line": 46,
          "column": 33
        },
        "end": {
          "line": 46,
          "column": 52
        }
      },
      "17": {
        "start": {
          "line": 54,
          "column": 33
        },
        "end": {
          "line": 54,
          "column": 52
        }
      },
      "18": {
        "start": {
          "line": 70,
          "column": 0
        },
        "end": {
          "line": 72,
          "column": 2
        }
      }
    },
    "fnMap": {
      "0": {
        "name": "SearchForm",
        "decl": {
          "start": {
            "line": 6,
            "column": 9
          },
          "end": {
            "line": 6,
            "column": 19
          }
        },
        "loc": {
          "start": {
            "line": 6,
            "column": 38
          },
          "end": {
            "line": 67,
            "column": 1
          }
        },
        "line": 6
      },
      "1": {
        "name": "(anonymous_1)",
        "decl": {
          "start": {
            "line": 12,
            "column": 23
          },
          "end": {
            "line": 12,
            "column": 24
          }
        },
        "loc": {
          "start": {
            "line": 12,
            "column": 34
          },
          "end": {
            "line": 15,
            "column": 3
          }
        },
        "line": 12
      },
      "2": {
        "name": "(anonymous_2)",
        "decl": {
          "start": {
            "line": 17,
            "column": 25
          },
          "end": {
            "line": 17,
            "column": 26
          }
        },
        "loc": {
          "start": {
            "line": 17,
            "column": 36
          },
          "end": {
            "line": 27,
            "column": 3
          }
        },
        "line": 17
      },
      "3": {
        "name": "(anonymous_3)",
        "decl": {
          "start": {
            "line": 34,
            "column": 24
          },
          "end": {
            "line": 34,
            "column": 25
          }
        },
        "loc": {
          "start": {
            "line": 34,
            "column": 35
          },
          "end": {
            "line": 34,
            "column": 56
          }
        },
        "line": 34
      },
      "4": {
        "name": "(anonymous_4)",
        "decl": {
          "start": {
            "line": 39,
            "column": 22
          },
          "end": {
            "line": 39,
            "column": 23
          }
        },
        "loc": {
          "start": {
            "line": 39,
            "column": 33
          },
          "end": {
            "line": 39,
            "column": 52
          }
        },
        "line": 39
      },
      "5": {
        "name": "(anonymous_5)",
        "decl": {
          "start": {
            "line": 46,
            "column": 22
          },
          "end": {
            "line": 46,
            "column": 23
          }
        },
        "loc": {
          "start": {
            "line": 46,
            "column": 33
          },
          "end": {
            "line": 46,
            "column": 52
          }
        },
        "line": 46
      },
      "6": {
        "name": "(anonymous_6)",
        "decl": {
          "start": {
            "line": 54,
            "column": 22
          },
          "end": {
            "line": 54,
            "column": 23
          }
        },
        "loc": {
          "start": {
            "line": 54,
            "column": 33
          },
          "end": {
            "line": 54,
            "column": 52
          }
        },
        "line": 54
      }
    },
    "branchMap": {
      "0": {
        "loc": {
          "start": {
            "line": 20,
            "column": 4
          },
          "end": {
            "line": 26,
            "column": 5
          }
        },
        "type": "if",
        "locations": [
          {
            "start": {
              "line": 20,
              "column": 4
            },
            "end": {
              "line": 26,
              "column": 5
            }
          },
          {
            "start": {
              "line": 20,
              "column": 4
            },
            "end": {
              "line": 26,
              "column": 5
            }
          }
        ],
        "line": 20
      },
      "1": {
        "loc": {
          "start": {
            "line": 20,
            "column": 8
          },
          "end": {
            "line": 20,
            "column": 53
          }
        },
        "type": "binary-expr",
        "locations": [
          {
            "start": {
              "line": 20,
              "column": 8
            },
            "end": {
              "line": 20,
              "column": 19
            }
          },
          {
            "start": {
              "line": 20,
              "column": 23
            },
            "end": {
              "line": 20,
              "column": 35
            }
          },
          {
            "start": {
              "line": 20,
              "column": 39
            },
            "end": {
              "line": 20,
              "column": 53
            }
          }
        ],
        "line": 20
      }
    },
    "s": {
      "0": 458,
      "1": 458,
      "2": 458,
      "3": 458,
      "4": 406,
      "5": 406,
      "6": 458,
      "7": 45,
      "8": 45,
      "9": 45,
      "10": 45,
      "11": 45,
      "12": 0,
      "13": 458,
      "14": 45,
      "15": 262,
      "16": 124,
      "17": 20,
      "18": 137
    },
    "f": {
      "0": 458,
      "1": 406,
      "2": 45,
      "3": 45,
      "4": 262,
      "5": 124,
      "6": 20
    },
    "b": {
      "0": [
        45,
        0
      ],
      "1": [
        45,
        4,
        2
      ]
    },
    "_coverageSchema": "1a1c01bbd47fc00a2c39e90264f33305004495a9",
    "hash": "67804cbd36b585b1c835cfeb45be156c5a6f0635"
  },
  "/Users/dinnekopelevich/turing/mod_4_projects/FE-FieldTripper/src/components/MuseumCard/MuseumCard.js": {
    "path": "/Users/dinnekopelevich/turing/mod_4_projects/FE-FieldTripper/src/components/MuseumCard/MuseumCard.js",
    "statementMap": {
      "0": {
        "start": {
          "line": 6,
          "column": 2
        },
        "end": {
          "line": 22,
          "column": 3
        }
      },
      "1": {
        "start": {
          "line": 7,
          "column": 6
        },
        "end": {
          "line": 21,
          "column": 7
        }
      },
      "2": {
        "start": {
          "line": 23,
          "column": 3
        },
        "end": {
          "line": 23,
          "column": 14
        }
      },
      "3": {
        "start": {
          "line": 27,
          "column": 0
        },
        "end": {
          "line": 38,
          "column": 2
        }
      }
    },
    "fnMap": {
      "0": {
        "name": "MuseumCard",
        "decl": {
          "start": {
            "line": 5,
            "column": 9
          },
          "end": {
            "line": 5,
            "column": 19
          }
        },
        "loc": {
          "start": {
            "line": 5,
            "column": 32
          },
          "end": {
            "line": 24,
            "column": 1
          }
        },
        "line": 5
      }
    },
    "branchMap": {
      "0": {
        "loc": {
          "start": {
            "line": 6,
            "column": 2
          },
          "end": {
            "line": 22,
            "column": 3
          }
        },
        "type": "if",
        "locations": [
          {
            "start": {
              "line": 6,
              "column": 2
            },
            "end": {
              "line": 22,
              "column": 3
            }
          },
          {
            "start": {
              "line": 6,
              "column": 2
            },
            "end": {
              "line": 22,
              "column": 3
            }
          }
        ],
        "line": 6
      }
    },
    "s": {
      "0": 482,
      "1": 404,
      "2": 78,
      "3": 137
    },
    "f": {
      "0": 482
    },
    "b": {
      "0": [
        404,
        78
      ]
    },
    "_coverageSchema": "1a1c01bbd47fc00a2c39e90264f33305004495a9",
    "hash": "cff9755ad86bc5d1950ba044adb80184ebc4686e"
  },
  "/Users/dinnekopelevich/turing/mod_4_projects/FE-FieldTripper/src/components/LocationPin/LocationPin.jsx": {
    "path": "/Users/dinnekopelevich/turing/mod_4_projects/FE-FieldTripper/src/components/LocationPin/LocationPin.jsx",
    "statementMap": {
      "0": {
        "start": {
          "line": 6,
          "column": 20
        },
        "end": {
          "line": 16,
          "column": 1
        }
      },
      "1": {
        "start": {
          "line": 8,
          "column": 2
        },
        "end": {
          "line": 15,
          "column": 3
        }
      },
      "2": {
        "start": {
          "line": 20,
          "column": 0
        },
        "end": {
          "line": 23,
          "column": 2
        }
      }
    },
    "fnMap": {
      "0": {
        "name": "(anonymous_0)",
        "decl": {
          "start": {
            "line": 6,
            "column": 20
          },
          "end": {
            "line": 6,
            "column": 21
          }
        },
        "loc": {
          "start": {
            "line": 6,
            "column": 43
          },
          "end": {
            "line": 16,
            "column": 1
          }
        },
        "line": 6
      }
    },
    "branchMap": {},
    "s": {
      "0": 137,
      "1": 424,
      "2": 137
    },
    "f": {
      "0": 424
    },
    "b": {},
    "_coverageSchema": "1a1c01bbd47fc00a2c39e90264f33305004495a9",
    "hash": "016554992b5a40cfa1f408c04182c815c36ced70"
  },
  "/Users/dinnekopelevich/turing/mod_4_projects/FE-FieldTripper/src/components/Map/Map.jsx": {
    "path": "/Users/dinnekopelevich/turing/mod_4_projects/FE-FieldTripper/src/components/Map/Map.jsx",
    "statementMap": {
      "0": {
        "start": {
          "line": 6,
          "column": 13
        },
        "end": {
          "line": 40,
          "column": 3
        }
      },
      "1": {
        "start": {
          "line": 8,
          "column": 24
        },
        "end": {
          "line": 14,
          "column": 3
        }
      },
      "2": {
        "start": {
          "line": 16,
          "column": 2
        },
        "end": {
          "line": 39,
          "column": 3
        }
      },
      "3": {
        "start": {
          "line": 25,
          "column": 4
        },
        "end": {
          "line": 33,
          "column": 6
        }
      },
      "4": {
        "start": {
          "line": 44,
          "column": 0
        },
        "end": {
          "line": 48,
          "column": 2
        }
      }
    },
    "fnMap": {
      "0": {
        "name": "(anonymous_0)",
        "decl": {
          "start": {
            "line": 6,
            "column": 13
          },
          "end": {
            "line": 6,
            "column": 14
          }
        },
        "loc": {
          "start": {
            "line": 6,
            "column": 27
          },
          "end": {
            "line": 40,
            "column": 3
          }
        },
        "line": 6
      },
      "1": {
        "name": "(anonymous_1)",
        "decl": {
          "start": {
            "line": 24,
            "column": 26
          },
          "end": {
            "line": 24,
            "column": 27
          }
        },
        "loc": {
          "start": {
            "line": 24,
            "column": 35
          },
          "end": {
            "line": 34,
            "column": 3
          }
        },
        "line": 24
      }
    },
    "branchMap": {},
    "s": {
      "0": 137,
      "1": 78,
      "2": 78,
      "3": 404,
      "4": 137
    },
    "f": {
      "0": 78,
      "1": 404
    },
    "b": {},
    "_coverageSchema": "1a1c01bbd47fc00a2c39e90264f33305004495a9",
    "hash": "b5db7ead434240d9e4670748182d92690df0a4de"
  },
  "/Users/dinnekopelevich/turing/mod_4_projects/FE-FieldTripper/src/components/MuseumsContainer/MuseumsContainer.js": {
    "path": "/Users/dinnekopelevich/turing/mod_4_projects/FE-FieldTripper/src/components/MuseumsContainer/MuseumsContainer.js",
    "statementMap": {
      "0": {
        "start": {
          "line": 14,
          "column": 35
        },
        "end": {
          "line": 20,
          "column": 4
        }
      },
      "1": {
        "start": {
          "line": 22,
          "column": 2
        },
        "end": {
          "line": 26,
          "column": 13
        }
      },
      "2": {
        "start": {
          "line": 23,
          "column": 4
        },
        "end": {
          "line": 25,
          "column": 5
        }
      },
      "3": {
        "start": {
          "line": 24,
          "column": 6
        },
        "end": {
          "line": 24,
          "column": 64
        }
      },
      "4": {
        "start": {
          "line": 28,
          "column": 2
        },
        "end": {
          "line": 49,
          "column": 4
        }
      },
      "5": {
        "start": {
          "line": 34,
          "column": 14
        },
        "end": {
          "line": 36,
          "column": 15
        }
      },
      "6": {
        "start": {
          "line": 53,
          "column": 0
        },
        "end": {
          "line": 59,
          "column": 2
        }
      }
    },
    "fnMap": {
      "0": {
        "name": "MuseumsContainer",
        "decl": {
          "start": {
            "line": 13,
            "column": 9
          },
          "end": {
            "line": 13,
            "column": 25
          }
        },
        "loc": {
          "start": {
            "line": 13,
            "column": 58
          },
          "end": {
            "line": 50,
            "column": 1
          }
        },
        "line": 13
      },
      "1": {
        "name": "(anonymous_1)",
        "decl": {
          "start": {
            "line": 22,
            "column": 12
          },
          "end": {
            "line": 22,
            "column": 13
          }
        },
        "loc": {
          "start": {
            "line": 22,
            "column": 18
          },
          "end": {
            "line": 26,
            "column": 3
          }
        },
        "line": 22
      },
      "2": {
        "name": "(anonymous_2)",
        "decl": {
          "start": {
            "line": 33,
            "column": 30
          },
          "end": {
            "line": 33,
            "column": 31
          }
        },
        "loc": {
          "start": {
            "line": 33,
            "column": 49
          },
          "end": {
            "line": 37,
            "column": 13
          }
        },
        "line": 33
      }
    },
    "branchMap": {
      "0": {
        "loc": {
          "start": {
            "line": 23,
            "column": 4
          },
          "end": {
            "line": 25,
            "column": 5
          }
        },
        "type": "if",
        "locations": [
          {
            "start": {
              "line": 23,
              "column": 4
            },
            "end": {
              "line": 25,
              "column": 5
            }
          },
          {
            "start": {
              "line": 23,
              "column": 4
            },
            "end": {
              "line": 25,
              "column": 5
            }
          }
        ],
        "line": 23
      }
    },
    "s": {
      "0": 129,
      "1": 129,
      "2": 84,
      "3": 39,
      "4": 129,
      "5": 404,
      "6": 137
    },
    "f": {
      "0": 129,
      "1": 84,
      "2": 404
    },
    "b": {
      "0": [
        39,
        45
      ]
    },
    "_coverageSchema": "1a1c01bbd47fc00a2c39e90264f33305004495a9",
    "hash": "7753df1fbf508c2dfd8dd184874f63d853023d83"
  },
  "/Users/dinnekopelevich/turing/mod_4_projects/FE-FieldTripper/src/components/SignOut/SignOut.js": {
    "path": "/Users/dinnekopelevich/turing/mod_4_projects/FE-FieldTripper/src/components/SignOut/SignOut.js",
    "statementMap": {
      "0": {
        "start": {
          "line": 6,
          "column": 19
        },
        "end": {
          "line": 6,
          "column": 32
        }
      },
      "1": {
        "start": {
          "line": 7,
          "column": 24
        },
        "end": {
          "line": 11,
          "column": 3
        }
      },
      "2": {
        "start": {
          "line": 8,
          "column": 4
        },
        "end": {
          "line": 8,
          "column": 25
        }
      },
      "3": {
        "start": {
          "line": 9,
          "column": 4
        },
        "end": {
          "line": 9,
          "column": 16
        }
      },
      "4": {
        "start": {
          "line": 10,
          "column": 4
        },
        "end": {
          "line": 10,
          "column": 18
        }
      },
      "5": {
        "start": {
          "line": 13,
          "column": 2
        },
        "end": {
          "line": 17,
          "column": 3
        }
      },
      "6": {
        "start": {
          "line": 14,
          "column": 57
        },
        "end": {
          "line": 14,
          "column": 72
        }
      }
    },
    "fnMap": {
      "0": {
        "name": "SignOut",
        "decl": {
          "start": {
            "line": 5,
            "column": 9
          },
          "end": {
            "line": 5,
            "column": 16
          }
        },
        "loc": {
          "start": {
            "line": 5,
            "column": 30
          },
          "end": {
            "line": 18,
            "column": 1
          }
        },
        "line": 5
      },
      "1": {
        "name": "(anonymous_1)",
        "decl": {
          "start": {
            "line": 7,
            "column": 24
          },
          "end": {
            "line": 7,
            "column": 25
          }
        },
        "loc": {
          "start": {
            "line": 7,
            "column": 30
          },
          "end": {
            "line": 11,
            "column": 3
          }
        },
        "line": 7
      },
      "2": {
        "name": "(anonymous_2)",
        "decl": {
          "start": {
            "line": 14,
            "column": 51
          },
          "end": {
            "line": 14,
            "column": 52
          }
        },
        "loc": {
          "start": {
            "line": 14,
            "column": 57
          },
          "end": {
            "line": 14,
            "column": 72
          }
        },
        "line": 14
      }
    },
    "branchMap": {},
    "s": {
      "0": 8,
      "1": 8,
      "2": 2,
      "3": 2,
      "4": 2,
      "5": 8,
      "6": 2
    },
    "f": {
      "0": 8,
      "1": 2,
      "2": 2
    },
    "b": {},
    "_coverageSchema": "1a1c01bbd47fc00a2c39e90264f33305004495a9",
    "hash": "4e77ede95496aee69c9edec9e90fdcd045a65f7a"
  },
  "/Users/dinnekopelevich/turing/mod_4_projects/FE-FieldTripper/src/components/Footer/Footer.js": {
    "path": "/Users/dinnekopelevich/turing/mod_4_projects/FE-FieldTripper/src/components/Footer/Footer.js",
    "statementMap": {
      "0": {
        "start": {
          "line": 6,
          "column": 15
        },
        "end": {
          "line": 40,
          "column": 1
        }
      },
      "1": {
        "start": {
          "line": 7,
          "column": 2
        },
        "end": {
          "line": 39,
          "column": 3
        }
      },
      "2": {
        "start": {
          "line": 8,
          "column": 4
        },
        "end": {
          "line": 27,
          "column": 6
        }
      },
      "3": {
        "start": {
          "line": 29,
          "column": 4
        },
        "end": {
          "line": 38,
          "column": 6
        }
      },
      "4": {
        "start": {
          "line": 43,
          "column": 0
        },
        "end": {
          "line": 51,
          "column": 2
        }
      }
    },
    "fnMap": {
      "0": {
        "name": "(anonymous_0)",
        "decl": {
          "start": {
            "line": 6,
            "column": 15
          },
          "end": {
            "line": 6,
            "column": 16
          }
        },
        "loc": {
          "start": {
            "line": 6,
            "column": 38
          },
          "end": {
            "line": 40,
            "column": 1
          }
        },
        "line": 6
      }
    },
    "branchMap": {
      "0": {
        "loc": {
          "start": {
            "line": 7,
            "column": 2
          },
          "end": {
            "line": 39,
            "column": 3
          }
        },
        "type": "if",
        "locations": [
          {
            "start": {
              "line": 7,
              "column": 2
            },
            "end": {
              "line": 39,
              "column": 3
            }
          },
          {
            "start": {
              "line": 7,
              "column": 2
            },
            "end": {
              "line": 39,
              "column": 3
            }
          }
        ],
        "line": 7
      }
    },
    "s": {
      "0": 137,
      "1": 241,
      "2": 8,
      "3": 233,
      "4": 137
    },
    "f": {
      "0": 241
    },
    "b": {
      "0": [
        8,
        233
      ]
    },
    "_coverageSchema": "1a1c01bbd47fc00a2c39e90264f33305004495a9",
    "hash": "305d2487deb7ef854214c13c937a09fd1bf0d9d5"
  },
  "/Users/dinnekopelevich/turing/mod_4_projects/FE-FieldTripper/src/components/MuseumInfo/MuseumInfo.js": {
    "path": "/Users/dinnekopelevich/turing/mod_4_projects/FE-FieldTripper/src/components/MuseumInfo/MuseumInfo.js",
    "statementMap": {
      "0": {
        "start": {
          "line": 9,
          "column": 22
        },
        "end": {
          "line": 9,
          "column": 33
        }
      },
      "1": {
        "start": {
          "line": 11,
          "column": 35
        },
        "end": {
          "line": 15,
          "column": 4
        }
      },
      "2": {
        "start": {
          "line": 17,
          "column": 22
        },
        "end": {
          "line": 30,
          "column": 3
        }
      },
      "3": {
        "start": {
          "line": 18,
          "column": 4
        },
        "end": {
          "line": 28,
          "column": 5
        }
      },
      "4": {
        "start": {
          "line": 19,
          "column": 6
        },
        "end": {
          "line": 19,
          "column": 20
        }
      },
      "5": {
        "start": {
          "line": 20,
          "column": 11
        },
        "end": {
          "line": 28,
          "column": 5
        }
      },
      "6": {
        "start": {
          "line": 21,
          "column": 6
        },
        "end": {
          "line": 21,
          "column": 17
        }
      },
      "7": {
        "start": {
          "line": 22,
          "column": 11
        },
        "end": {
          "line": 28,
          "column": 5
        }
      },
      "8": {
        "start": {
          "line": 23,
          "column": 6
        },
        "end": {
          "line": 23,
          "column": 18
        }
      },
      "9": {
        "start": {
          "line": 24,
          "column": 11
        },
        "end": {
          "line": 28,
          "column": 5
        }
      },
      "10": {
        "start": {
          "line": 25,
          "column": 6
        },
        "end": {
          "line": 25,
          "column": 19
        }
      },
      "11": {
        "start": {
          "line": 27,
          "column": 6
        },
        "end": {
          "line": 27,
          "column": 20
        }
      },
      "12": {
        "start": {
          "line": 32,
          "column": 31
        },
        "end": {
          "line": 38,
          "column": 3
        }
      },
      "13": {
        "start": {
          "line": 33,
          "column": 4
        },
        "end": {
          "line": 37,
          "column": 5
        }
      },
      "14": {
        "start": {
          "line": 34,
          "column": 6
        },
        "end": {
          "line": 34,
          "column": 19
        }
      },
      "15": {
        "start": {
          "line": 36,
          "column": 6
        },
        "end": {
          "line": 36,
          "column": 18
        }
      },
      "16": {
        "start": {
          "line": 40,
          "column": 24
        },
        "end": {
          "line": 58,
          "column": 3
        }
      },
      "17": {
        "start": {
          "line": 41,
          "column": 24
        },
        "end": {
          "line": 41,
          "column": 79
        }
      },
      "18": {
        "start": {
          "line": 42,
          "column": 24
        },
        "end": {
          "line": 42,
          "column": 77
        }
      },
      "19": {
        "start": {
          "line": 43,
          "column": 24
        },
        "end": {
          "line": 43,
          "column": 75
        }
      },
      "20": {
        "start": {
          "line": 44,
          "column": 24
        },
        "end": {
          "line": 47,
          "column": 5
        }
      },
      "21": {
        "start": {
          "line": 48,
          "column": 24
        },
        "end": {
          "line": 51,
          "column": 5
        }
      },
      "22": {
        "start": {
          "line": 52,
          "column": 24
        },
        "end": {
          "line": 55,
          "column": 5
        }
      },
      "23": {
        "start": {
          "line": 56,
          "column": 24
        },
        "end": {
          "line": 56,
          "column": 61
        }
      },
      "24": {
        "start": {
          "line": 57,
          "column": 4
        },
        "end": {
          "line": 57,
          "column": 23
        }
      },
      "25": {
        "start": {
          "line": 60,
          "column": 2
        },
        "end": {
          "line": 138,
          "column": 4
        }
      },
      "26": {
        "start": {
          "line": 125,
          "column": 18
        },
        "end": {
          "line": 127,
          "column": 22
        }
      }
    },
    "fnMap": {
      "0": {
        "name": "MuseumInfo",
        "decl": {
          "start": {
            "line": 8,
            "column": 9
          },
          "end": {
            "line": 8,
            "column": 19
          }
        },
        "loc": {
          "start": {
            "line": 8,
            "column": 22
          },
          "end": {
            "line": 139,
            "column": 1
          }
        },
        "line": 8
      },
      "1": {
        "name": "(anonymous_1)",
        "decl": {
          "start": {
            "line": 17,
            "column": 22
          },
          "end": {
            "line": 17,
            "column": 23
          }
        },
        "loc": {
          "start": {
            "line": 17,
            "column": 39
          },
          "end": {
            "line": 30,
            "column": 3
          }
        },
        "line": 17
      },
      "2": {
        "name": "(anonymous_2)",
        "decl": {
          "start": {
            "line": 32,
            "column": 31
          },
          "end": {
            "line": 32,
            "column": 32
          }
        },
        "loc": {
          "start": {
            "line": 32,
            "column": 49
          },
          "end": {
            "line": 38,
            "column": 3
          }
        },
        "line": 32
      },
      "3": {
        "name": "(anonymous_3)",
        "decl": {
          "start": {
            "line": 40,
            "column": 24
          },
          "end": {
            "line": 40,
            "column": 25
          }
        },
        "loc": {
          "start": {
            "line": 40,
            "column": 37
          },
          "end": {
            "line": 58,
            "column": 3
          }
        },
        "line": 40
      },
      "4": {
        "name": "(anonymous_4)",
        "decl": {
          "start": {
            "line": 124,
            "column": 45
          },
          "end": {
            "line": 124,
            "column": 46
          }
        },
        "loc": {
          "start": {
            "line": 125,
            "column": 18
          },
          "end": {
            "line": 127,
            "column": 22
          }
        },
        "line": 125
      }
    },
    "branchMap": {
      "0": {
        "loc": {
          "start": {
            "line": 18,
            "column": 4
          },
          "end": {
            "line": 28,
            "column": 5
          }
        },
        "type": "if",
        "locations": [
          {
            "start": {
              "line": 18,
              "column": 4
            },
            "end": {
              "line": 28,
              "column": 5
            }
          },
          {
            "start": {
              "line": 18,
              "column": 4
            },
            "end": {
              "line": 28,
              "column": 5
            }
          }
        ],
        "line": 18
      },
      "1": {
        "loc": {
          "start": {
            "line": 20,
            "column": 11
          },
          "end": {
            "line": 28,
            "column": 5
          }
        },
        "type": "if",
        "locations": [
          {
            "start": {
              "line": 20,
              "column": 11
            },
            "end": {
              "line": 28,
              "column": 5
            }
          },
          {
            "start": {
              "line": 20,
              "column": 11
            },
            "end": {
              "line": 28,
              "column": 5
            }
          }
        ],
        "line": 20
      },
      "2": {
        "loc": {
          "start": {
            "line": 22,
            "column": 11
          },
          "end": {
            "line": 28,
            "column": 5
          }
        },
        "type": "if",
        "locations": [
          {
            "start": {
              "line": 22,
              "column": 11
            },
            "end": {
              "line": 28,
              "column": 5
            }
          },
          {
            "start": {
              "line": 22,
              "column": 11
            },
            "end": {
              "line": 28,
              "column": 5
            }
          }
        ],
        "line": 22
      },
      "3": {
        "loc": {
          "start": {
            "line": 24,
            "column": 11
          },
          "end": {
            "line": 28,
            "column": 5
          }
        },
        "type": "if",
        "locations": [
          {
            "start": {
              "line": 24,
              "column": 11
            },
            "end": {
              "line": 28,
              "column": 5
            }
          },
          {
            "start": {
              "line": 24,
              "column": 11
            },
            "end": {
              "line": 28,
              "column": 5
            }
          }
        ],
        "line": 24
      },
      "4": {
        "loc": {
          "start": {
            "line": 33,
            "column": 4
          },
          "end": {
            "line": 37,
            "column": 5
          }
        },
        "type": "if",
        "locations": [
          {
            "start": {
              "line": 33,
              "column": 4
            },
            "end": {
              "line": 37,
[...]
      },
      "1": {
        "name": "(anonymous_1)",
        "decl": {
          "start": {
            "line": 11,
            "column": 23
          },
          "end": {
            "line": 11,
            "column": 24
          }
        },
        "loc": {
          "start": {
            "line": 11,
            "column": 29
          },
          "end": {
            "line": 16,
            "column": 3
          }
        },
        "line": 11
      },
      "2": {
        "name": "(anonymous_2)",
        "decl": {
          "start": {
            "line": 36,
            "column": 51
          },
          "end": {
            "line": 36,
            "column": 52
          }
        },
        "loc": {
          "start": {
            "line": 36,
            "column": 57
          },
          "end": {
            "line": 36,
            "column": 71
          }
        },
        "line": 36
      }
    },
    "branchMap": {},
    "s": {
      "0": 137,
      "1": 29,
      "2": 29,
      "3": 1,
      "4": 29,
      "5": 29,
      "6": 29,
      "7": 1,
      "8": 137
    },
    "f": {
      "0": 29,
      "1": 1,
      "2": 1
    },
    "b": {},
    "_coverageSchema": "1a1c01bbd47fc00a2c39e90264f33305004495a9",
    "hash": "43a56889421902b20a6f89f173d74361e387f2e2"
  },
  "/Users/dinnekopelevich/turing/mod_4_projects/FE-FieldTripper/src/components/UserSavedTrips/UserSavedTrips.js": {
    "path": "/Users/dinnekopelevich/turing/mod_4_projects/FE-FieldTripper/src/components/UserSavedTrips/UserSavedTrips.js",
    "statementMap": {
      "0": {
        "start": {
          "line": 8,
          "column": 23
        },
        "end": {
          "line": 42,
          "column": 1
        }
      },
      "1": {
        "start": {
          "line": 9,
          "column": 17
        },
        "end": {
          "line": 9,
          "column": 32
        }
      },
      "2": {
        "start": {
          "line": 10,
          "column": 35
        },
        "end": {
          "line": 16,
          "column": 4
        }
      },
      "3": {
        "start": {
          "line": 18,
          "column": 2
        },
        "end": {
          "line": 41,
          "column": 4
        }
      },
      "4": {
        "start": {
          "line": 28,
          "column": 18
        },
        "end": {
          "line": 34,
          "column": 20
        }
      },
      "5": {
        "start": {
          "line": 46,
          "column": 0
        },
        "end": {
          "line": 53,
          "column": 2
        }
      }
    },
    "fnMap": {
      "0": {
        "name": "(anonymous_0)",
        "decl": {
          "start": {
            "line": 8,
            "column": 23
          },
          "end": {
            "line": 8,
            "column": 24
          }
        },
        "loc": {
          "start": {
            "line": 8,
            "column": 37
          },
          "end": {
            "line": 42,
            "column": 1
          }
        },
        "line": 8
      },
      "1": {
        "name": "(anonymous_1)",
        "decl": {
          "start": {
            "line": 27,
            "column": 32
          },
          "end": {
            "line": 27,
            "column": 33
          }
        },
        "loc": {
          "start": {
            "line": 27,
            "column": 49
          },
          "end": {
            "line": 35,
            "column": 17
          }
        },
        "line": 27
      }
    },
    "branchMap": {
      "0": {
        "loc": {
          "start": {
            "line": 26,
            "column": 12
          },
          "end": {
            "line": 36,
            "column": 100
          }
        },
        "type": "cond-expr",
        "locations": [
          {
            "start": {
              "line": 27,
              "column": 16
            },
            "end": {
              "line": 35,
              "column": 18
            }
          },
          {
            "start": {
              "line": 36,
              "column": 16
            },
            "end": {
              "line": 36,
              "column": 100
            }
          }
        ],
        "line": 26
      },
      "1": {
        "loc": {
          "start": {
            "line": 26,
            "column": 12
          },
          "end": {
            "line": 26,
            "column": 37
          }
        },
        "type": "binary-expr",
        "locations": [
          {
            "start": {
              "line": 26,
              "column": 12
            },
            "end": {
              "line": 26,
              "column": 16
            }
          },
          {
            "start": {
              "line": 26,
              "column": 20
            },
            "end": {
              "line": 26,
              "column": 37
            }
          }
        ],
        "line": 26
      }
    },
    "s": {
      "0": 137,
      "1": 53,
      "2": 53,
      "3": 53,
      "4": 27,
      "5": 137
    },
    "f": {
      "0": 53,
      "1": 27
    },
    "b": {
      "0": [
        10,
        43
      ],
      "1": [
        53,
        12
      ]
    },
    "_coverageSchema": "1a1c01bbd47fc00a2c39e90264f33305004495a9",
    "hash": "e3de5edd3416b1a184c9a5d3b82560cb45f1c977"
  },
  "/Users/dinnekopelevich/turing/mod_4_projects/FE-FieldTripper/src/components/TripCard/TripCard.js": {
    "path": "/Users/dinnekopelevich/turing/mod_4_projects/FE-FieldTripper/src/components/TripCard/TripCard.js",
    "statementMap": {
      "0": {
        "start": {
          "line": 8,
          "column": 27
        },
        "end": {
          "line": 8,
          "column": 65
        }
      },
      "1": {
        "start": {
          "line": 10,
          "column": 23
        },
        "end": {
          "line": 10,
          "column": 66
        }
      },
      "2": {
        "start": {
          "line": 11,
          "column": 23
        },
        "end": {
          "line": 11,
          "column": 59
        }
      },
      "3": {
        "start": {
          "line": 13,
          "column": 2
        },
        "end": {
          "line": 29,
          "column": 4
        }
      },
      "4": {
        "start": {
          "line": 21,
          "column": 23
        },
        "end": {
          "line": 23,
          "column": 12
        }
      },
      "5": {
        "start": {
          "line": 33,
          "column": 0
        },
        "end": {
          "line": 51,
          "column": 2
        }
      }
    },
    "fnMap": {
      "0": {
        "name": "TripCard",
        "decl": {
          "start": {
            "line": 7,
            "column": 9
          },
          "end": {
            "line": 7,
            "column": 17
          }
        },
        "loc": {
          "start": {
            "line": 7,
            "column": 34
          },
          "end": {
            "line": 30,
            "column": 1
          }
        },
        "line": 7
      },
      "1": {
        "name": "(anonymous_1)",
        "decl": {
          "start": {
            "line": 21,
            "column": 17
          },
          "end": {
            "line": 21,
            "column": 18
          }
        },
        "loc": {
          "start": {
            "line": 21,
            "column": 23
          },
          "end": {
            "line": 23,
            "column": 12
          }
        },
        "line": 21
      }
    },
    "branchMap": {},
    "s": {
      "0": 8,
      "1": 8,
      "2": 8,
      "3": 8,
      "4": 1,
      "5": 137
    },
    "f": {
      "0": 8,
      "1": 1
    },
    "b": {},
    "_coverageSchema": "1a1c01bbd47fc00a2c39e90264f33305004495a9",
    "hash": "b97dc7b7908815566d8bdcf84e6247360654d69f"
  },
  "/Users/dinnekopelevich/turing/mod_4_projects/FE-FieldTripper/src/components/ExistingTrips/ExistingTrips.js": {
    "path": "/Users/dinnekopelevich/turing/mod_4_projects/FE-FieldTripper/src/components/ExistingTrips/ExistingTrips.js",
    "statementMap": {
      "0": {
        "start": {
          "line": 8,
          "column": 22
        },
        "end": {
          "line": 34,
          "column": 1
        }
      },
      "1": {
        "start": {
          "line": 9,
          "column": 17
        },
        "end": {
          "line": 9,
          "column": 32
        }
      },
      "2": {
        "start": {
          "line": 10,
          "column": 24
        },
        "end": {
          "line": 10,
          "column": 37
        }
      },
      "3": {
        "start": {
          "line": 11,
          "column": 35
        },
        "end": {
          "line": 18,
          "column": 4
        }
      },
      "4": {
        "start": {
          "line": 20,
          "column": 2
        },
        "end": {
          "line": 33,
          "column": 4
        }
      },
      "5": {
        "start": {
          "line": 28,
          "column": 12
        },
        "end": {
          "line": 28,
          "column": 70
        }
      },
      "6": {
        "start": {
          "line": 37,
          "column": 0
        },
        "end": {
          "line": 44,
          "column": 2
        }
      }
    },
    "fnMap": {
      "0": {
        "name": "(anonymous_0)",
        "decl": {
          "start": {
            "line": 8,
            "column": 22
          },
          "end": {
            "line": 8,
            "column": 23
          }
        },
        "loc": {
          "start": {
            "line": 8,
            "column": 36
          },
          "end": {
            "line": 34,
            "column": 1
          }
        },
        "line": 8
      },
      "1": {
        "name": "(anonymous_1)",
        "decl": {
          "start": {
            "line": 27,
            "column": 27
          },
          "end": {
            "line": 27,
            "column": 28
          }
        },
        "loc": {
          "start": {
            "line": 27,
            "column": 37
          },
          "end": {
            "line": 29,
            "column": 11
          }
        },
        "line": 27
      }
    },
    "branchMap": {},
    "s": {
      "0": 137,
      "1": 9,
      "2": 9,
      "3": 9,
      "4": 9,
      "5": 6,
      "6": 137
    },
    "f": {
      "0": 9,
      "1": 6
    },
    "b": {},
    "_coverageSchema": "1a1c01bbd47fc00a2c39e90264f33305004495a9",
    "hash": "f3ba556a9dc70bad53926e73ea44a798a13d626e"
  },
  "/Users/dinnekopelevich/turing/mod_4_projects/FE-FieldTripper/src/components/App/App.js": {
    "path": "/Users/dinnekopelevich/turing/mod_4_projects/FE-FieldTripper/src/components/App/App.js",
    "statementMap": {
      "0": {
        "start": {
          "line": 21,
          "column": 26
        },
        "end": {
          "line": 21,
          "column": 38
        }
      },
      "1": {
        "start": {
          "line": 22,
          "column": 40
        },
        "end": {
          "line": 26,
          "column": 4
        }
      },
      "2": {
        "start": {
          "line": 27,
          "column": 42
        },
        "end": {
          "line": 29,
          "column": 3
        }
      },
      "3": {
        "start": {
          "line": 30,
          "column": 38
        },
        "end": {
          "line": 30,
          "column": 50
        }
      },
      "4": {
        "start": {
          "line": 32,
          "column": 2
        },
        "end": {
          "line": 36,
          "column": 9
        }
      },
      "5": {
        "start": {
          "line": 33,
          "column": 4
        },
        "end": {
          "line": 33,
          "column": 41
        }
      },
      "6": {
        "start": {
          "line": 34,
          "column": 4
        },
        "end": {
          "line": 34,
          "column": 51
        }
      },
      "7": {
        "start": {
          "line": 35,
          "column": 4
        },
        "end": {
          "line": 35,
          "column": 49
        }
      },
      "8": {
        "start": {
          "line": 38,
          "column": 23
        },
        "end": {
          "line": 40,
          "column": 3
        }
      },
      "9": {
        "start": {
          "line": 39,
          "column": 4
        },
        "end": {
          "line": 39,
          "column": 58
        }
      },
      "10": {
        "start": {
          "line": 42,
          "column": 2
        },
        "end": {
          "line": 87,
          "column": 4
        }
      }
    },
    "fnMap": {
      "0": {
        "name": "App",
        "decl": {
          "start": {
            "line": 20,
            "column": 9
          },
          "end": {
            "line": 20,
            "column": 12
          }
        },
        "loc": {
          "start": {
            "line": 20,
            "column": 15
          },
          "end": {
            "line": 88,
            "column": 1
          }
        },
        "line": 20
      },
      "1": {
        "name": "(anonymous_1)",
        "decl": {
          "start": {
            "line": 32,
            "column": 12
          },
          "end": {
            "line": 32,
            "column": 13
          }
        },
        "loc": {
          "start": {
            "line": 32,
            "column": 18
          },
          "end": {
            "line": 36,
            "column": 3
          }
        },
        "line": 32
      },
      "2": {
        "name": "(anonymous_2)",
        "decl": {
          "start": {
            "line": 38,
            "column": 23
          },
          "end": {
            "line": 38,
            "column": 24
          }
        },
        "loc": {
          "start": {
            "line": 38,
            "column": 35
          },
          "end": {
            "line": 40,
            "column": 3
          }
        },
        "line": 38
      }
    },
    "branchMap": {},
    "s": {
      "0": 298,
      "1": 241,
      "2": 241,
      "3": 241,
      "4": 241,
      "5": 137,
      "6": 137,
      "7": 137,
      "8": 241,
      "9": 45,
      "10": 241
    },
    "f": {
      "0": 298,
      "1": 137,
      "2": 45
    },
    "b": {},
    "_coverageSchema": "1a1c01bbd47fc00a2c39e90264f33305004495a9",
    "hash": "d451e40830e9d12c68a2b2e988811cd8dec5286c"
  },
  "/Users/dinnekopelevich/turing/mod_4_projects/FE-FieldTripper/src/reportWebVitals.js": {
    "path": "/Users/dinnekopelevich/turing/mod_4_projects/FE-FieldTripper/src/reportWebVitals.js",
    "statementMap": {
      "0": {
        "start": {
          "line": 1,
          "column": 24
        },
        "end": {
          "line": 11,
          "column": 1
        }
      },
      "1": {
        "start": {
          "line": 2,
          "column": 2
        },
        "end": {
          "line": 10,
          "column": 3
        }
      },
      "2": {
        "start": {
          "line": 3,
          "column": 4
        },
        "end": {
          "line": 9,
          "column": 7
        }
      },
      "3": {
        "start": {
          "line": 4,
          "column": 6
        },
        "end": {
          "line": 4,
          "column": 26
        }
      },
      "4": {
        "start": {
          "line": 5,
          "column": 6
        },
        "end": {
          "line": 5,
          "column": 26
        }
      },
      "5": {
        "start": {
          "line": 6,
          "column": 6
        },
        "end": {
          "line": 6,
          "column": 26
        }
      },
      "6": {
        "start": {
          "line": 7,
          "column": 6
        },
        "end": {
          "line": 7,
          "column": 26
        }
      },
      "7": {
        "start": {
          "line": 8,
          "column": 6
        },
        "end": {
          "line": 8,
          "column": 27
        }
      }
    },
    "fnMap": {
      "0": {
        "name": "(anonymous_0)",
        "decl": {
          "start": {
            "line": 1,
            "column": 24
          },
          "end": {
            "line": 1,
            "column": 25
          }
        },
        "loc": {
          "start": {
            "line": 1,
            "column": 39
          },
          "end": {
            "line": 11,
            "column": 1
          }
        },
        "line": 1
      },
      "1": {
        "name": "(anonymous_1)",
        "decl": {
          "start": {
            "line": 3,
            "column": 30
          },
          "end": {
            "line": 3,
            "column": 31
          }
        },
        "loc": {
          "start": {
            "line": 3,
            "column": 79
          },
          "end": {
            "line": 9,
            "column": 5
          }
        },
        "line": 3
      }
    },
    "branchMap": {
      "0": {
        "loc": {
          "start": {
            "line": 2,
            "column": 2
          },
          "end": {
            "line": 10,
            "column": 3
          }
        },
        "type": "if",
        "locations": [
          {
            "start": {
              "line": 2,
              "column": 2
            },
            "end": {
              "line": 10,
              "column": 3
            }
          },
          {
            "start": {
              "line": 2,
              "column": 2
            },
            "end": {
              "line": 10,
              "column": 3
            }
          }
        ],
        "line": 2
      },
      "1": {
        "loc": {
          "start": {
            "line": 2,
            "column": 6
          },
          "end": {
            "line": 2,
            "column": 52
          }
        },
        "type": "binary-expr",
        "locations": [
          {
            "start": {
              "line": 2,
              "column": 6
            },
            "end": {
              "line": 2,
              "column": 17
            }
          },
          {
            "start": {
              "line": 2,
              "column": 21
            },
            "end": {
              "line": 2,
              "column": 52
            }
          }
        ],
        "line": 2
      }
    },
    "s": {
      "0": 137,
      "1": 137,
      "2": 0,
      "3": 0,
      "4": 0,
      "5": 0,
      "6": 0,
      "7": 0
    },
    "f": {
      "0": 137,
      "1": 0
    },
    "b": {
      "0": [
        0,
        137
      ],
      "1": [
        137,
        0
      ]
    },
    "_coverageSchema": "1a1c01bbd47fc00a2c39e90264f33305004495a9",
    "hash": "0e239fa3b778b25357bf22a52b1473c62b6e444e"
  },
  "/Users/dinnekopelevich/turing/mod_4_projects/FE-FieldTripper/src/index.js": {
    "path": "/Users/dinnekopelevich/turing/mod_4_projects/FE-FieldTripper/src/index.js",
    "statementMap": {
      "0": {
        "start": {
          "line": 15,
          "column": 17
        },
        "end": {
          "line": 21,
          "column": 2
        }
      },
      "1": {
        "start": {
          "line": 23,
          "column": 15
        },
        "end": {
          "line": 27,
          "column": 2
        }
      },
      "2": {
        "start": {
          "line": 29,
          "column": 13
        },
        "end": {
          "line": 29,
          "column": 65
        }
      },
      "3": {
        "start": {
          "line": 30,
          "column": 0
        },
        "end": {
          "line": 36,
          "column": 2
        }
      },
      "4": {
        "start": {
          "line": 41,
          "column": 0
        },
        "end": {
          "line": 41,
          "column": 18
        }
      }
    },
    "fnMap": {},
    "branchMap": {},
    "s": {
      "0": 137,
      "1": 137,
      "2": 137,
      "3": 137,
      "4": 137
    },
    "f": {},
    "b": {},
    "_coverageSchema": "1a1c01bbd47fc00a2c39e90264f33305004495a9",
    "hash": "ee935f51a4d4112278ff85305ec82b7885554b70"
  }
}